---------------------------------------------------------------------------------------------
Дата и время вызова функции: 2025-01-26 21:19:54.570912
Имя функции <function test_1.<locals>.hello_world at 0x000002534C8D3820> и вызываемые аргументы () и {}
Возвращаемое значение Hello World



---------------------------------------------------------------------------------------------
Дата и время вызова функции: 2025-01-26 21:19:54.574901
Имя функции <function test_1.<locals>.summator at 0x000002534C8D3670> и вызываемые аргументы (2, 2) и {}
Возвращаемое значение 4



---------------------------------------------------------------------------------------------
Дата и время вызова функции: 2025-01-26 21:19:54.579935
Имя функции <function test_1.<locals>.div at 0x000002534C8EE820> и вызываемые аргументы (6, 2) и {}
Возвращаемое значение 3.0



---------------------------------------------------------------------------------------------
Дата и время вызова функции: 2025-01-26 21:19:54.587625
Имя функции <function test_1.<locals>.summator at 0x000002534C8D3670> и вызываемые аргументы (4.3,) и {'b': 2.2}
Возвращаемое значение 6.5



---------------------------------------------------------------------------------------------
Дата и время вызова функции: 2025-01-26 21:19:54.590619
Имя функции <function test_1.<locals>.summator at 0x000002534C8D3670> и вызываемые аргументы () и {'a': 0, 'b': 0}
Возвращаемое значение 0



