---------------------------------------------------------------------------------------------
Дата и время вызова функции: 2025-01-26 21:21:56.125309
Имя функции <function flat_generator at 0x00000236B1DCD670> и вызываемые аргументы ([['a', 'b', 'c'], ['d', 'e', 'f', 'h', False], [1, 2, None]],) и {}
Возвращаемое значение <generator object flat_generator at 0x00000236B1B792E0>



---------------------------------------------------------------------------------------------
Дата и время вызова функции: 2025-01-26 21:21:56.130295
Имя функции <function flat_generator at 0x00000236B1DCD670> и вызываемые аргументы ([['a', 'b', 'c'], ['d', 'e', 'f', 'h', False], [1, 2, None]],) и {}
Возвращаемое значение <generator object flat_generator at 0x00000236B1B792E0>



---------------------------------------------------------------------------------------------
Дата и время вызова функции: 2025-01-26 21:21:56.203102
Имя функции <function flat_generator at 0x00000236B1DCD670> и вызываемые аргументы ([['a', 'b', 'c'], ['d', 'e', 'f', 'h', False], [1, 2, None]],) и {}
Возвращаемое значение <generator object flat_generator at 0x00000236B1B792E0>



---------------------------------------------------------------------------------------------
Дата и время вызова функции: 2025-01-26 21:22:48.332065
Имя функции <function flat_generator at 0x00000251B1D3D670> и вызываемые аргументы ([['a', 'b', 'c'], ['d', 'e', 'f', 'h', False], [1, 2, None]],) и {}
Возвращаемое значение <generator object flat_generator at 0x00000251B1CFA2E0>



---------------------------------------------------------------------------------------------
Дата и время вызова функции: 2025-01-26 21:22:48.334060
Имя функции <function flat_generator at 0x00000251B1D3D670> и вызываемые аргументы ([['a', 'b', 'c'], ['d', 'e', 'f', 'h', False], [1, 2, None]],) и {}
Возвращаемое значение <generator object flat_generator at 0x00000251B1CFA2E0>



---------------------------------------------------------------------------------------------
Дата и время вызова функции: 2025-01-26 21:22:48.334060
Имя функции <function flat_generator at 0x00000251B1D3D670> и вызываемые аргументы ([['a', 'b', 'c'], ['d', 'e', 'f', 'h', False], [1, 2, None]],) и {}
Возвращаемое значение <generator object flat_generator at 0x00000251B1CFA2E0>



